\BOOKMARK [1][-]{section.1}{\376\377\000I\000n\000t\000r\000o\000d\000u\000c\000t\000i\000o\000n}{}% 1
\BOOKMARK [1][-]{section.2}{\376\377\000P\000r\000e\000v\000i\000o\000u\000s\000\040\000S\000t\000u\000d\000i\000e\000s}{}% 2
\BOOKMARK [2][-]{subsection.2.1}{\376\377\000R\000e\000g\000i\000s\000t\000r\000a\000t\000i\000o\000n\000\040\000a\000n\000d\000\040\000I\000n\000d\000e\000x\000a\000t\000i\000o\000n}{section.2}% 3
\BOOKMARK [2][-]{subsection.2.2}{\376\377\000L\000o\000c\000u\000s\000\040\000o\000f\000\040\000M\000a\000r\000k\000i\000n\000g\000\040\000i\000n\000\040\000P\000o\000s\000s\000e\000s\000s\000i\000v\000e\000\040\000N\000o\000u\000n\000\040\000P\000h\000r\000a\000s\000e\000s}{section.2}% 4
\BOOKMARK [3][-]{subsubsection.2.2.1}{\376\377\000H\000e\000a\000d\000\040\000m\000a\000r\000k\000i\000n\000g}{subsection.2.2}% 5
\BOOKMARK [3][-]{subsubsection.2.2.2}{\376\377\000D\000e\000p\000e\000n\000d\000e\000n\000t\000\040\000m\000a\000r\000k\000i\000n\000g}{subsection.2.2}% 6
\BOOKMARK [3][-]{subsubsection.2.2.3}{\376\377\000D\000o\000u\000b\000l\000e\000\040\000m\000a\000r\000k\000i\000n\000g}{subsection.2.2}% 7
\BOOKMARK [3][-]{subsubsection.2.2.4}{\376\377\000N\000o\000\040\000m\000a\000r\000k\000i\000n\000g}{subsection.2.2}% 8
\BOOKMARK [3][-]{subsubsection.2.2.5}{\376\377\000K\000e\000y\000\040\000P\000r\000i\000n\000c\000i\000p\000l\000e\000s\000\040\000o\000f\000\040\000n\000i\000c\000h\000o\000l\000s\000l\000o\000c\000u\000s\0002\0000\0001\0003\000'\000s\000\040\000n\000i\000c\000h\000o\000l\000s\000l\000o\000c\000u\000s\0002\0000\0001\0003\000\040\000T\000y\000p\000o\000l\000o\000g\000y}{subsection.2.2}% 9
\BOOKMARK [2][-]{subsection.2.3}{\376\377\000c\000r\000o\000f\000t\0002\0000\0000\0002\000t\000y\000p\000o\000l\000o\000g\000y\000'\000s\000\040\000c\000r\000o\000f\000t\0002\0000\0000\0002\000t\000y\000p\000o\000l\000o\000g\000y\000\040\000T\000y\000p\000o\000l\000o\000g\000y\000\040\000o\000f\000\040\000P\000o\000s\000s\000e\000s\000s\000i\000v\000e\000\040\000C\000o\000n\000s\000t\000r\000u\000c\000t\000i\000o\000n\000s}{section.2}% 10
\BOOKMARK [3][-]{subsubsection.2.3.1}{\376\377\000S\000i\000m\000p\000l\000e\000\040\000S\000t\000r\000a\000t\000e\000g\000i\000e\000s\000:\000\040\000J\000u\000x\000t\000a\000p\000o\000s\000i\000t\000i\000o\000n\000,\000\040\000C\000o\000n\000c\000a\000t\000e\000n\000a\000t\000i\000o\000n\000,\000\040\000F\000u\000s\000i\000o\000n}{subsection.2.3}% 11
\BOOKMARK [3][-]{subsubsection.2.3.2}{\376\377\000R\000e\000l\000a\000t\000i\000o\000n\000a\000l\000\040\000S\000t\000r\000a\000t\000e\000g\000i\000e\000s\000:\000\040\000C\000a\000s\000e\000\040\000A\000f\000f\000i\000x\000e\000s\000\040\000a\000n\000d\000\040\000A\000d\000p\000o\000s\000i\000t\000i\000o\000n\000s}{subsection.2.3}% 12
\BOOKMARK [3][-]{subsubsection.2.3.3}{\376\377\000I\000n\000d\000e\000x\000i\000c\000a\000l\000\040\000S\000t\000r\000a\000t\000e\000g\000i\000e\000s\000:\000\040\000P\000e\000r\000s\000o\000n\000\040\000I\000n\000d\000e\000x\000a\000t\000i\000o\000n\000\040\000a\000n\000d\000\040\000N\000o\000n\000-\000p\000e\000r\000s\000o\000n\000\040\000I\000n\000d\000e\000x\000a\000t\000i\000o\000n\000\051}{subsection.2.3}% 13
\BOOKMARK [3][-]{subsubsection.2.3.4}{\376\377\000C\000l\000a\000s\000s\000i\000f\000i\000e\000r\000\040\000S\000t\000r\000a\000t\000e\000g\000i\000e\000s}{subsection.2.3}% 14
\BOOKMARK [3][-]{subsubsection.2.3.5}{\376\377\000L\000i\000n\000k\000e\000r\000\040\000S\000t\000r\000a\000t\000e\000g\000i\000e\000s}{subsection.2.3}% 15
\BOOKMARK [3][-]{subsubsection.2.3.6}{\376\377\000S\000p\000e\000c\000i\000a\000l\000\040\000F\000o\000r\000m\000\040\000S\000t\000r\000a\000t\000e\000g\000i\000e\000s}{subsection.2.3}% 16
\BOOKMARK [2][-]{subsection.2.4}{\376\377\000S\000u\000m\000m\000a\000r\000y\000\040\000o\000n\000\040\000P\000r\000e\000v\000i\000o\000u\000s\000\040\000A\000p\000p\000r\000o\000a\000c\000h\000e\000s}{section.2}% 17
\BOOKMARK [1][-]{section.3}{\376\377\000P\000r\000o\000b\000l\000e\000m\000s\000\040\000w\000i\000t\000h\000\040\000P\000r\000e\000v\000i\000o\000u\000s\000\040\000A\000p\000p\000r\000o\000a\000c\000h\000e\000s}{}% 18
\BOOKMARK [2][-]{subsection.3.1}{\376\377\000n\000i\000c\000h\000o\000l\000s\000l\000o\000c\000u\000s\0002\0000\0001\0003\000'\000s\000\040\000n\000i\000c\000h\000o\000l\000s\000l\000o\000c\000u\000s\0002\0000\0001\0003\000\040\000T\000y\000p\000o\000l\000o\000g\000y}{section.3}% 19
\BOOKMARK [3][-]{subsubsection.3.1.1}{\376\377\000N\000u\000l\000l\000\040\000P\000o\000s\000s\000e\000s\000s\000o\000r\000s}{subsection.3.1}% 20
\BOOKMARK [3][-]{subsubsection.3.1.2}{\376\377\000U\000n\000m\000a\000r\000k\000e\000d\000\040\000v\000s\000\040\000M\000a\000r\000k\000e\000d\000\040\000P\000o\000s\000s\000e\000s\000s\000o\000r\000s}{subsection.3.1}% 21
\BOOKMARK [3][-]{subsubsection.3.1.3}{\376\377\000S\000o\000l\000u\000t\000i\000o\000n\000s}{subsection.3.1}% 22
\BOOKMARK [2][-]{subsection.3.2}{\376\377\000c\000r\000o\000f\000t\0002\0000\0000\0002\000t\000y\000p\000o\000l\000o\000g\000y\000'\000s\000\040\000c\000r\000o\000f\000t\0002\0000\0000\0002\000t\000y\000p\000o\000l\000o\000g\000y\000\040\000T\000y\000p\000o\000l\000o\000g\000y}{section.3}% 23
\BOOKMARK [2][-]{subsection.3.3}{\376\377\000S\000u\000m\000m\000a\000r\000y}{section.3}% 24
\BOOKMARK [1][-]{section.4}{\376\377\000N\000e\000w\000e\000r\000\040\000A\000p\000p\000r\000o\000a\000c\000h}{}% 25
\BOOKMARK [1][-]{section.5}{\376\377\000D\000a\000t\000a\000\040\000C\000o\000l\000l\000e\000c\000t\000i\000o\000n}{}% 26
\BOOKMARK [2][-]{subsection.5.1}{\376\377\000P\000r\000o\000b\000a\000b\000i\000l\000i\000t\000y\000\040\000S\000a\000m\000p\000l\000i\000n\000g\000\040\000a\000n\000d\000\040\000C\000o\000n\000c\000e\000p\000t\000\040\000o\000f\000\040\000G\000e\000n\000u\000s}{section.5}% 27
\BOOKMARK [2][-]{subsection.5.2}{\376\377\000A\000u\000t\000o\000m\000a\000t\000i\000c\000\040\000S\000a\000m\000p\000l\000i\000n\000g}{section.5}% 28
\BOOKMARK [3][-]{subsubsection.5.2.1}{\376\377\000A\000u\000t\000o\000m\000a\000t\000i\000c\000\040\000A\000n\000n\000o\000t\000a\000t\000i\000o\000n\000\040\000o\000f\000\040\000G\000e\000n\000e\000r\000a}{subsection.5.2}% 29
\BOOKMARK [3][-]{subsubsection.5.2.2}{\376\377\000M\000a\000k\000i\000n\000g\000\040\000S\000a\000m\000p\000l\000e}{subsection.5.2}% 30
\BOOKMARK [3][-]{subsubsection.5.2.3}{\376\377\000S\000a\000m\000p\000l\000e}{subsection.5.2}% 31
\BOOKMARK [1][-]{section.6}{\376\377\000P\000o\000s\000s\000e\000s\000s\000i\000v\000e\000\040\000S\000y\000s\000t\000e\000m\000s}{}% 32
\BOOKMARK [2][-]{subsection.6.1}{\376\377\000B\000y\000s\000t\000r\000a\000j\000a\000\040\000E\000v\000e\000n}{section.6}% 33
\BOOKMARK [2][-]{subsection.6.2}{\376\377\000K\000i\000l\000d\000i\000n\000\040\000S\000a\000a\000m\000i}{section.6}% 34
\BOOKMARK [2][-]{subsection.6.3}{\376\377\000M\000a\000r\000i\000n\000d}{section.6}% 35
\BOOKMARK [2][-]{subsection.6.4}{\376\377\000C\000h\000a\000c\000o\000b\000o}{section.6}% 36
\BOOKMARK [2][-]{subsection.6.5}{\376\377\000E\000w\000e}{section.6}% 37
\BOOKMARK [2][-]{subsection.6.6}{\376\377\000R\000u\000u\000n\000d}{section.6}% 38
\BOOKMARK [2][-]{subsection.6.7}{\376\377\000P\000a\000k\000u}{section.6}% 39
\BOOKMARK [2][-]{subsection.6.8}{\376\377\000L\000a\000m\000a\000n\000g}{section.6}% 40
\BOOKMARK [2][-]{subsection.6.9}{\376\377\000N\000g\000a\000r\000d\000i}{section.6}% 41
\BOOKMARK [2][-]{subsection.6.10}{\376\377\000M\000o\000n\000g\000o\000l\000i\000a\000n}{section.6}% 42
\BOOKMARK [2][-]{subsection.6.11}{\376\377\000A\000b\000a\000z\000a}{section.6}% 43
\BOOKMARK [2][-]{subsection.6.12}{\376\377\000R\000u\000s\000s\000i\000a\000n}{section.6}% 44
\BOOKMARK [2][-]{subsection.6.13}{\376\377\000P\000o\000q\000o\000m\000a\000m}{section.6}% 45
\BOOKMARK [2][-]{subsection.6.14}{\376\377\000C\000e\000n\000t\000r\000a\000l\000\040\000A\000l\000a\000s\000k\000a\000n\000\040\000Y\000u\000p\000i\000k}{section.6}% 46
\BOOKMARK [2][-]{subsection.6.15}{\376\377\000H\000a\000i\000d\000a}{section.6}% 47
\BOOKMARK [2][-]{subsection.6.16}{\376\377\000T\000o\000'\000a\000b\000a\000i\000t\000a}{section.6}% 48
\BOOKMARK [2][-]{subsection.6.17}{\376\377\000W\000e\000s\000t\000\040\000C\000o\000a\000s\000t\000\040\000B\000a\000j\000a\000u}{section.6}% 49
\BOOKMARK [2][-]{subsection.6.18}{\376\377\000I\000l\000o\000k\000o}{section.6}% 50
\BOOKMARK [2][-]{subsection.6.19}{\376\377\000L\000u\000n\000d\000a\000y\000e\000h}{section.6}% 51
\BOOKMARK [2][-]{subsection.6.20}{\376\377\000K\000o\000b\000o\000n}{section.6}% 52
\BOOKMARK [2][-]{subsection.6.21}{\376\377\000H\000u\000p}{section.6}% 53
\BOOKMARK [2][-]{subsection.6.22}{\376\377\000Y\000u\000c\000u\000n\000a}{section.6}% 54
\BOOKMARK [2][-]{subsection.6.23}{\376\377\000K\000w\000a\000z\000a}{section.6}% 55
